[www.benhaddock.co.uk/index.html]
[backblue.gif]
[fade.gif]
[index.html]
[external.html]
[www.benhaddock.co.uk/index.html]
[www.benhaddock.co.uk/styles.css]
[www.benhaddock.co.uk/fonts/agrandir-medium.woff]
[www.benhaddock.co.uk/fonts/agrandir-medium.woff2]
[www.benhaddock.co.uk/img/small/image-fatsoma@2x.png]
[www.benhaddock.co.uk/img/small/image-wrangler@2x.png]
[www.benhaddock.co.uk/fonts/basiersquare-regular.woff]
[www.benhaddock.co.uk/fonts/basiersquare-regular.woff2]
[www.benhaddock.co.uk/img/small/image-fatsoma@3x.png]
[www.benhaddock.co.uk/img/small/image-chester-zoo@2x.png]
[www.benhaddock.co.uk/img/small/image-chester-zoo@3x.png]
[www.benhaddock.co.uk/img/small/image-wrangler@3x.png]
[www.benhaddock.co.uk/img/large/image-fatsoma@2x.png]
[www.benhaddock.co.uk/img/large/image-wrangler@2x.png]
[www.benhaddock.co.uk/img/large/image-chester-zoo@2x.png]
